[0mGET /users/sign-up [32m200[0m 21.447 ms - 3705[0m
[0mGET /users/sign-in [32m200[0m 6.008 ms - 3611[0m
[0mPOST /users/create-session [36m302[0m 17.420 ms - 72[0m
[0mGET /users/sign-in [32m200[0m 6.666 ms - 3912[0m
[0mGET /users/auth/google [36m302[0m 5.221 ms - 0[0m
[0mGET /users/auth/google/callback?code=4%2F0AVHEtk5tK4W5FFQAku4sQZpKUY5an9b7lfbyY1dkTSk47KnvSkcYoWa1FqVd7DtCFranww&scope=email+profile+https%3A%2F%2Fwww.googleapis.com%2Fauth%2Fuserinfo.profile+openid+https%3A%2F%2Fwww.googleapis.com%2Fauth%2Fuserinfo.email&authuser=0&prompt=none [36m302[0m 438.037 ms - 46[0m
[0mGET / [32m200[0m 16.739 ms - 5778[0m
 [0mGET /users/sign-out [36m302[0m 7.937 ms - 46[0m
[0mGET / [32m200[0m 10.631 ms - 4907[0m
[0mGET /users/sign-in [32m200[0m 7.004 ms - 3611[0m
[0mPOST /users/create-session [36m302[0m 4.444 ms - 72[0m
[0mGET /users/sign-in [32m200[0m 6.470 ms - 3912[0m
[0mGET /users/sign-in [32m200[0m 4.977 ms - 3611[0m
[0mPOST /users/create-session [36m302[0m 5.438 ms - 46[0m
[0mGET / [32m200[0m 11.952 ms - 5778[0m
[0mGET /users/sign-out [36m302[0m 5.395 ms - 46[0m
[0mGET / [32m200[0m 10.921 ms - 4907[0m
[0mGET /users/sign-in [36m304[0m 4.855 ms - -[0m
[0mGET /users/auth/google [36m302[0m 1.981 ms - 0[0m
[0mGET /users/auth/google/callback?code=4%2F0AVHEtk5vG0Ww_ZXiWDxEjlORQlZCehmfw4b3sqsl2xpkp9z04r9BdYu60LJsFSKng5wtNQ&scope=email+profile+https%3A%2F%2Fwww.googleapis.com%2Fauth%2Fuserinfo.email+openid+https%3A%2F%2Fwww.googleapis.com%2Fauth%2Fuserinfo.profile&authuser=0&prompt=none [36m302[0m 431.565 ms - 46[0m
[0mGET / [32m200[0m 13.601 ms - 5778[0m
[0mGET /users/sign-out [36m302[0m 9.074 ms - 46[0m
[0mGET / [32m200[0m 14.550 ms - 4907[0m
[0mGET /users/sign-up [36m304[0m 4.962 ms - -[0m
[0mPOST /users/create [36m302[0m 18.243 ms - 72[0m
[0mGET /users/sign-in [32m200[0m 3.437 ms - 3917[0m
[0mPOST /users/create-session [36m302[0m 7.367 ms - 46[0m
[0mGET / [32m200[0m 13.826 ms - 5946[0m
[0mGET / [32m200[0m 53.097 ms - 5646[0m
[0mGET / [36m304[0m 64.302 ms - -[0m
